app/build/intermediates/manifest_merge_blame_file/debug/processDebugMainManifest/manifest-merger-blame-debug-report.txt
1<?xml version="1.0" encoding="utf-8"?>
2<manifest xmlns:android="http://schemas.android.com/apk/res/android"
3    package="com.footprint.app"
4    android:versionCode="1"
5    android:versionName="0.1.0" >
6
7    <uses-sdk
8        android:minSdkVersion="26"
9        android:targetSdkVersion="35" />
10
11    <uses-permission android:name="android.permission.ACCESS_COARSE_LOCATION" />
11-->src/main/AndroidManifest.xml:5:5-81
11-->src/main/AndroidManifest.xml:5:22-78
12    <uses-permission android:name="android.permission.ACCESS_FINE_LOCATION" />
12-->src/main/AndroidManifest.xml:6:5-79
12-->src/main/AndroidManifest.xml:6:22-76
13    <uses-permission android:name="android.permission.ACCESS_BACKGROUND_LOCATION" />
13-->src/main/AndroidManifest.xml:7:5-85
13-->src/main/AndroidManifest.xml:7:22-82
14    <uses-permission android:name="android.permission.FOREGROUND_SERVICE" />
14-->src/main/AndroidManifest.xml:8:5-77
14-->src/main/AndroidManifest.xml:8:22-74
15    <uses-permission android:name="android.permission.FOREGROUND_SERVICE_LOCATION" />
15-->src/main/AndroidManifest.xml:9:5-11:32
15-->src/main/AndroidManifest.xml:10:9-70
16    <uses-permission android:name="android.permission.POST_NOTIFICATIONS" />
16-->src/main/AndroidManifest.xml:12:5-14:32
16-->src/main/AndroidManifest.xml:13:9-61
17
18    <!-- Include required permissions for Google Maps API to run. -->
19    <uses-permission android:name="android.permission.ACCESS_NETWORK_STATE" />
19-->[com.google.android.gms:play-services-maps:19.0.0] AndroidManifest.xml:23:5-79
19-->[com.google.android.gms:play-services-maps:19.0.0] AndroidManifest.xml:23:22-76
20    <uses-permission android:name="android.permission.INTERNET" />
20-->[com.google.android.gms:play-services-maps:19.0.0] AndroidManifest.xml:24:5-67
20-->[com.google.android.gms:play-services-maps:19.0.0] AndroidManifest.xml:24:22-64
21
22    <uses-feature
22-->[com.google.android.gms:play-services-maps:19.0.0] AndroidManifest.xml:26:5-28:35
23        android:glEsVersion="0x00020000"
23-->[com.google.android.gms:play-services-maps:19.0.0] AndroidManifest.xml:27:9-41
24        android:required="true" />
24-->[com.google.android.gms:play-services-maps:19.0.0] AndroidManifest.xml:28:9-32
25
26    <queries>
26-->[com.google.android.gms:play-services-maps:19.0.0] AndroidManifest.xml:30:5-34:15
27
28        <!-- Needs to be explicitly declared on Android R+ -->
29        <package android:name="com.google.android.apps.maps" />
29-->[com.google.android.gms:play-services-maps:19.0.0] AndroidManifest.xml:33:9-64
29-->[com.google.android.gms:play-services-maps:19.0.0] AndroidManifest.xml:33:18-61
30    </queries>
31
32    <permission
32-->[androidx.core:core:1.15.0] AndroidManifest.xml:22:5-24:47
33        android:name="com.footprint.app.DYNAMIC_RECEIVER_NOT_EXPORTED_PERMISSION"
33-->[androidx.core:core:1.15.0] AndroidManifest.xml:23:9-81
34        android:protectionLevel="signature" />
34-->[androidx.core:core:1.15.0] AndroidManifest.xml:24:9-44
35
36    <uses-permission android:name="com.footprint.app.DYNAMIC_RECEIVER_NOT_EXPORTED_PERMISSION" />
36-->[androidx.core:core:1.15.0] AndroidManifest.xml:26:5-97
36-->[androidx.core:core:1.15.0] AndroidManifest.xml:26:22-94
37
38    <application
38-->src/main/AndroidManifest.xml:16:5-42:19
39        android:allowBackup="true"
39-->src/main/AndroidManifest.xml:17:9-35
40        android:appComponentFactory="androidx.core.app.CoreComponentFactory"
40-->[androidx.core:core:1.15.0] AndroidManifest.xml:28:18-86
41        android:debuggable="true"
42        android:extractNativeLibs="false"
43        android:icon="@android:drawable/sym_def_app_icon"
43-->src/main/AndroidManifest.xml:18:9-58
44        android:label="Footprint"
44-->src/main/AndroidManifest.xml:19:9-34
45        android:roundIcon="@android:drawable/sym_def_app_icon"
45-->src/main/AndroidManifest.xml:20:9-63
46        android:supportsRtl="true"
46-->src/main/AndroidManifest.xml:21:9-35
47        android:theme="@style/Theme.Footprint" >
47-->src/main/AndroidManifest.xml:22:9-47
48        <activity
48-->src/main/AndroidManifest.xml:23:9-31:20
49            android:name="com.footprint.app.MainActivity"
49-->src/main/AndroidManifest.xml:24:13-41
50            android:exported="true" >
50-->src/main/AndroidManifest.xml:25:13-36
51            <intent-filter>
51-->src/main/AndroidManifest.xml:26:13-30:29
52                <action android:name="android.intent.action.MAIN" />
52-->src/main/AndroidManifest.xml:27:17-69
52-->src/main/AndroidManifest.xml:27:25-66
53
54                <category android:name="android.intent.category.LAUNCHER" />
54-->src/main/AndroidManifest.xml:29:17-77
54-->src/main/AndroidManifest.xml:29:27-74
55            </intent-filter>
56        </activity>
57
58        <!--
59        Background location must only be requested after an in-app explanation
60        so users understand why travel history needs ongoing access.
61        -->
62        <service
62-->src/main/AndroidManifest.xml:37:9-41:56
63            android:name="com.footprint.app.location.LocationTrackingService"
63-->src/main/AndroidManifest.xml:38:13-61
64            android:enabled="true"
64-->src/main/AndroidManifest.xml:39:13-35
65            android:exported="false"
65-->src/main/AndroidManifest.xml:40:13-37
66            android:foregroundServiceType="location" />
66-->src/main/AndroidManifest.xml:41:13-53
67
68        <activity
68-->[androidx.compose.ui:ui-tooling-android:1.7.7] AndroidManifest.xml:23:9-25:39
69            android:name="androidx.compose.ui.tooling.PreviewActivity"
69-->[androidx.compose.ui:ui-tooling-android:1.7.7] AndroidManifest.xml:24:13-71
70            android:exported="true" /> <!-- Needs to be explicitly declared on P+ -->
70-->[androidx.compose.ui:ui-tooling-android:1.7.7] AndroidManifest.xml:25:13-36
71        <uses-library
71-->[com.google.android.gms:play-services-maps:19.0.0] AndroidManifest.xml:39:9-41:40
72            android:name="org.apache.http.legacy"
72-->[com.google.android.gms:play-services-maps:19.0.0] AndroidManifest.xml:40:13-50
73            android:required="false" />
73-->[com.google.android.gms:play-services-maps:19.0.0] AndroidManifest.xml:41:13-37
74
75        <activity
75-->[com.google.android.gms:play-services-base:18.5.0] AndroidManifest.xml:5:9-173
76            android:name="com.google.android.gms.common.api.GoogleApiActivity"
76-->[com.google.android.gms:play-services-base:18.5.0] AndroidManifest.xml:5:19-85
77            android:exported="false"
77-->[com.google.android.gms:play-services-base:18.5.0] AndroidManifest.xml:5:146-170
78            android:theme="@android:style/Theme.Translucent.NoTitleBar" />
78-->[com.google.android.gms:play-services-base:18.5.0] AndroidManifest.xml:5:86-145
79
80        <meta-data
80-->[com.google.android.gms:play-services-basement:18.4.0] AndroidManifest.xml:6:9-122
81            android:name="com.google.android.gms.version"
81-->[com.google.android.gms:play-services-basement:18.4.0] AndroidManifest.xml:6:20-65
82            android:value="@integer/google_play_services_version" />
82-->[com.google.android.gms:play-services-basement:18.4.0] AndroidManifest.xml:6:66-119
83
84        <provider
84-->[androidx.emoji2:emoji2:1.3.0] AndroidManifest.xml:24:9-32:20
85            android:name="androidx.startup.InitializationProvider"
85-->[androidx.emoji2:emoji2:1.3.0] AndroidManifest.xml:25:13-67
86            android:authorities="com.footprint.app.androidx-startup"
86-->[androidx.emoji2:emoji2:1.3.0] AndroidManifest.xml:26:13-68
87            android:exported="false" >
87-->[androidx.emoji2:emoji2:1.3.0] AndroidManifest.xml:27:13-37
88            <meta-data
88-->[androidx.emoji2:emoji2:1.3.0] AndroidManifest.xml:29:13-31:52
89                android:name="androidx.emoji2.text.EmojiCompatInitializer"
89-->[androidx.emoji2:emoji2:1.3.0] AndroidManifest.xml:30:17-75
90                android:value="androidx.startup" />
90-->[androidx.emoji2:emoji2:1.3.0] AndroidManifest.xml:31:17-49
91            <meta-data
91-->[androidx.lifecycle:lifecycle-process:2.8.7] AndroidManifest.xml:29:13-31:52
92                android:name="androidx.lifecycle.ProcessLifecycleInitializer"
92-->[androidx.lifecycle:lifecycle-process:2.8.7] AndroidManifest.xml:30:17-78
93                android:value="androidx.startup" />
93-->[androidx.lifecycle:lifecycle-process:2.8.7] AndroidManifest.xml:31:17-49
94            <meta-data
94-->[androidx.profileinstaller:profileinstaller:1.4.0] AndroidManifest.xml:29:13-31:52
95                android:name="androidx.profileinstaller.ProfileInstallerInitializer"
95-->[androidx.profileinstaller:profileinstaller:1.4.0] AndroidManifest.xml:30:17-85
96                android:value="androidx.startup" />
96-->[androidx.profileinstaller:profileinstaller:1.4.0] AndroidManifest.xml:31:17-49
97        </provider>
98
99        <activity
99-->[androidx.compose.ui:ui-test-manifest:1.7.7] AndroidManifest.xml:23:9-25:39
100            android:name="androidx.activity.ComponentActivity"
100-->[androidx.compose.ui:ui-test-manifest:1.7.7] AndroidManifest.xml:24:13-63
101            android:exported="true" />
101-->[androidx.compose.ui:ui-test-manifest:1.7.7] AndroidManifest.xml:25:13-36
102
103        <service
103-->[androidx.room:room-runtime:2.6.1] AndroidManifest.xml:24:9-28:63
104            android:name="androidx.room.MultiInstanceInvalidationService"
104-->[androidx.room:room-runtime:2.6.1] AndroidManifest.xml:25:13-74
105            android:directBootAware="true"
105-->[androidx.room:room-runtime:2.6.1] AndroidManifest.xml:26:13-43
106            android:exported="false" />
106-->[androidx.room:room-runtime:2.6.1] AndroidManifest.xml:27:13-37
107
108        <receiver
108-->[androidx.profileinstaller:profileinstaller:1.4.0] AndroidManifest.xml:34:9-52:20
109            android:name="androidx.profileinstaller.ProfileInstallReceiver"
109-->[androidx.profileinstaller:profileinstaller:1.4.0] AndroidManifest.xml:35:13-76
110            android:directBootAware="false"
110-->[androidx.profileinstaller:profileinstaller:1.4.0] AndroidManifest.xml:36:13-44
111            android:enabled="true"
111-->[androidx.profileinstaller:profileinstaller:1.4.0] AndroidManifest.xml:37:13-35
112            android:exported="true"
112-->[androidx.profileinstaller:profileinstaller:1.4.0] AndroidManifest.xml:38:13-36
113            android:permission="android.permission.DUMP" >
113-->[androidx.profileinstaller:profileinstaller:1.4.0] AndroidManifest.xml:39:13-57
114            <intent-filter>
114-->[androidx.profileinstaller:profileinstaller:1.4.0] AndroidManifest.xml:40:13-42:29
115                <action android:name="androidx.profileinstaller.action.INSTALL_PROFILE" />
115-->[androidx.profileinstaller:profileinstaller:1.4.0] AndroidManifest.xml:41:17-91
115-->[androidx.profileinstaller:profileinstaller:1.4.0] AndroidManifest.xml:41:25-88
116            </intent-filter>
117            <intent-filter>
117-->[androidx.profileinstaller:profileinstaller:1.4.0] AndroidManifest.xml:43:13-45:29
118                <action android:name="androidx.profileinstaller.action.SKIP_FILE" />
118-->[androidx.profileinstaller:profileinstaller:1.4.0] AndroidManifest.xml:44:17-85
118-->[androidx.profileinstaller:profileinstaller:1.4.0] AndroidManifest.xml:44:25-82
119            </intent-filter>
120            <intent-filter>
120-->[androidx.profileinstaller:profileinstaller:1.4.0] AndroidManifest.xml:46:13-48:29
121                <action android:name="androidx.profileinstaller.action.SAVE_PROFILE" />
121-->[androidx.profileinstaller:profileinstaller:1.4.0] AndroidManifest.xml:47:17-88
121-->[androidx.profileinstaller:profileinstaller:1.4.0] AndroidManifest.xml:47:25-85
122            </intent-filter>
123            <intent-filter>
123-->[androidx.profileinstaller:profileinstaller:1.4.0] AndroidManifest.xml:49:13-51:29
124                <action android:name="androidx.profileinstaller.action.BENCHMARK_OPERATION" />
124-->[androidx.profileinstaller:profileinstaller:1.4.0] AndroidManifest.xml:50:17-95
124-->[androidx.profileinstaller:profileinstaller:1.4.0] AndroidManifest.xml:50:25-92
125            </intent-filter>
126        </receiver>
127    </application>
128
129</manifest>